<?xml version="1.0" encoding="UTF-8"?>
<!-- Generated by org.testng.reporters.JUnitXMLReporter -->
<testsuite hostname="DESKTOP-22O3624" ignored="1" name="smoke test" tests="1" failures="0" timestamp="2023-05-07T09:34:12 BST" time="4.709" errors="0">
  <testcase name="verifyThatSixProductsAreDisplayedOnPage" time="0.41" classname="com.saucedemo.testsuite.LoginPageTest"/>
  <testcase name="userShouldLoginSuccessfullyWithValidCredentials" time="0.0" classname="com.saucedemo.testsuite.LoginPageTest">
    <ignored/>
  </testcase> <!-- userShouldLoginSuccessfullyWithValidCredentials -->
</testsuite> <!-- smoke test -->
