<?xml version="1.0" encoding="UTF-8"?>
<!-- Generated by org.testng.reporters.JUnitXMLReporter -->
<testsuite hostname="DESKTOP-22O3624" ignored="1" name="Login test" tests="1" failures="0" timestamp="2023-05-07T12:29:39 BST" time="4.809" errors="0">
  <testcase name="userShouldLoginSuccessfullyWithValidCredentials" time="0.294" classname="com.saucedemo.testsuite.LoginPageTest"/>
  <testcase name="verifyThatSixProductsAreDisplayedOnPage" time="0.0" classname="com.saucedemo.testsuite.LoginPageTest">
    <ignored/>
  </testcase> <!-- verifyThatSixProductsAreDisplayedOnPage -->
</testsuite> <!-- Login test -->
