<?xml version="1.0" encoding="UTF-8"?>
<!-- Generated by org.testng.reporters.JUnitXMLReporter -->
<testsuite hostname="DESKTOP-22O3624" ignored="0" name="Login test" tests="2" failures="0" timestamp="2023-05-07T12:29:59 BST" time="9.276" errors="0">
  <testcase name="userShouldLoginSuccessfullyWithValidCredentials" time="0.526" classname="com.saucedemo.testsuite.LoginPageTest"/>
  <testcase name="verifyThatSixProductsAreDisplayedOnPage" time="0.456" classname="com.saucedemo.testsuite.LoginPageTest"/>
</testsuite> <!-- Login test -->
