<?xml version="1.0" encoding="UTF-8"?>
<!-- Generated by org.testng.reporters.JUnitXMLReporter -->
<testsuite hostname="DESKTOP-22O3624" ignored="0" name="regression test" tests="2" failures="0" timestamp="2023-05-07T09:34:31 BST" time="7.593" errors="0">
  <testcase name="userShouldLoginSuccessfullyWithValidCredentials" time="0.382" classname="com.saucedemo.testsuite.LoginPageTest"/>
  <testcase name="verifyThatSixProductsAreDisplayedOnPage" time="0.384" classname="com.saucedemo.testsuite.LoginPageTest"/>
</testsuite> <!-- regression test -->
