<?xml version="1.0" encoding="UTF-8"?>
<testng-results skipped="0" failed="0" ignored="0" total="2" passed="2">
  <reporter-output>
    <line>
      <![CDATA[Enter username standard_user to username field [[ChromeDriver: chrome on WINDOWS (1b27d3512ea4da55726a5f49dbc178e4)] -> xpath: //input[@id='user-name']]]]>
    </line>
    <line>
      <![CDATA[Enter password secret_sauce to password field [[ChromeDriver: chrome on WINDOWS (1b27d3512ea4da55726a5f49dbc178e4)] -> xpath: //input[@id='password']]]]>
    </line>
    <line>
      <![CDATA[Clicking on Login Button [[ChromeDriver: chrome on WINDOWS (1b27d3512ea4da55726a5f49dbc178e4)] -> xpath: //input[@id='login-button']]]]>
    </line>
    <line>
      <![CDATA[Get text from product title]]>
    </line>
    <line>
      <![CDATA[Enter username standard_user to username field [[ChromeDriver: chrome on WINDOWS (760573b676e8173ff2e32f245ae7198f)] -> xpath: //input[@id='user-name']]]]>
    </line>
    <line>
      <![CDATA[Enter password secret_sauce to password field [[ChromeDriver: chrome on WINDOWS (760573b676e8173ff2e32f245ae7198f)] -> xpath: //input[@id='password']]]]>
    </line>
    <line>
      <![CDATA[Clicking on Login Button [[ChromeDriver: chrome on WINDOWS (760573b676e8173ff2e32f245ae7198f)] -> xpath: //input[@id='login-button']]]]>
    </line>
    <line>
      <![CDATA[Count Total no of products]]>
    </line>
  </reporter-output>
  <suite name="regression suite" duration-ms="9276" started-at="2023-05-07T12:29:50 BST" finished-at="2023-05-07T12:29:59 BST">
    <groups>
      <group name="regression">
        <method signature="LoginPageTest.userShouldLoginSuccessfullyWithValidCredentials()[pri:0, instance:com.saucedemo.testsuite.LoginPageTest@52f759d7]" name="userShouldLoginSuccessfullyWithValidCredentials" class="com.saucedemo.testsuite.LoginPageTest"/>
        <method signature="LoginPageTest.verifyThatSixProductsAreDisplayedOnPage()[pri:0, instance:com.saucedemo.testsuite.LoginPageTest@52f759d7]" name="verifyThatSixProductsAreDisplayedOnPage" class="com.saucedemo.testsuite.LoginPageTest"/>
      </group> <!-- regression -->
      <group name="smoke">
        <method signature="LoginPageTest.verifyThatSixProductsAreDisplayedOnPage()[pri:0, instance:com.saucedemo.testsuite.LoginPageTest@52f759d7]" name="verifyThatSixProductsAreDisplayedOnPage" class="com.saucedemo.testsuite.LoginPageTest"/>
      </group> <!-- smoke -->
      <group name="sanity">
        <method signature="LoginPageTest.userShouldLoginSuccessfullyWithValidCredentials()[pri:0, instance:com.saucedemo.testsuite.LoginPageTest@52f759d7]" name="userShouldLoginSuccessfullyWithValidCredentials" class="com.saucedemo.testsuite.LoginPageTest"/>
      </group> <!-- sanity -->
    </groups>
    <test name="Login test" duration-ms="9276" started-at="2023-05-07T12:29:50 BST" finished-at="2023-05-07T12:29:59 BST">
      <class name="com.saucedemo.testsuite.LoginPageTest">
        <test-method status="PASS" signature="setUp()[pri:0, instance:com.saucedemo.testsuite.LoginPageTest@52f759d7]" name="setUp" is-config="true" duration-ms="4008" started-at="2023-05-07T12:29:50 BST" finished-at="2023-05-07T12:29:55 BST">
          <reporter-output>
          </reporter-output>
        </test-method> <!-- setUp -->
        <test-method status="PASS" signature="inIt()[pri:0, instance:com.saucedemo.testsuite.LoginPageTest@52f759d7]" name="inIt" is-config="true" duration-ms="51" started-at="2023-05-07T12:29:55 BST" finished-at="2023-05-07T12:29:55 BST">
          <reporter-output>
          </reporter-output>
        </test-method> <!-- inIt -->
        <test-method status="PASS" signature="userShouldLoginSuccessfullyWithValidCredentials()[pri:0, instance:com.saucedemo.testsuite.LoginPageTest@52f759d7]" name="userShouldLoginSuccessfullyWithValidCredentials" duration-ms="526" started-at="2023-05-07T12:29:55 BST" finished-at="2023-05-07T12:29:55 BST">
          <reporter-output>
            <line>
              <![CDATA[Enter username standard_user to username field [[ChromeDriver: chrome on WINDOWS (1b27d3512ea4da55726a5f49dbc178e4)] -> xpath: //input[@id='user-name']]]]>
            </line>
            <line>
              <![CDATA[Enter password secret_sauce to password field [[ChromeDriver: chrome on WINDOWS (1b27d3512ea4da55726a5f49dbc178e4)] -> xpath: //input[@id='password']]]]>
            </line>
            <line>
              <![CDATA[Clicking on Login Button [[ChromeDriver: chrome on WINDOWS (1b27d3512ea4da55726a5f49dbc178e4)] -> xpath: //input[@id='login-button']]]]>
            </line>
            <line>
              <![CDATA[Get text from product title]]>
            </line>
          </reporter-output>
        </test-method> <!-- userShouldLoginSuccessfullyWithValidCredentials -->
        <test-method status="PASS" signature="tearDown()[pri:0, instance:com.saucedemo.testsuite.LoginPageTest@52f759d7]" name="tearDown" is-config="true" duration-ms="809" started-at="2023-05-07T12:29:55 BST" finished-at="2023-05-07T12:29:56 BST">
          <reporter-output>
          </reporter-output>
        </test-method> <!-- tearDown -->
        <test-method status="PASS" signature="setUp()[pri:0, instance:com.saucedemo.testsuite.LoginPageTest@52f759d7]" name="setUp" is-config="true" duration-ms="2312" started-at="2023-05-07T12:29:56 BST" finished-at="2023-05-07T12:29:58 BST">
          <reporter-output>
          </reporter-output>
        </test-method> <!-- setUp -->
        <test-method status="PASS" signature="inIt()[pri:0, instance:com.saucedemo.testsuite.LoginPageTest@52f759d7]" name="inIt" is-config="true" duration-ms="2" started-at="2023-05-07T12:29:58 BST" finished-at="2023-05-07T12:29:58 BST">
          <reporter-output>
          </reporter-output>
        </test-method> <!-- inIt -->
        <test-method status="PASS" signature="verifyThatSixProductsAreDisplayedOnPage()[pri:0, instance:com.saucedemo.testsuite.LoginPageTest@52f759d7]" name="verifyThatSixProductsAreDisplayedOnPage" duration-ms="456" started-at="2023-05-07T12:29:58 BST" finished-at="2023-05-07T12:29:59 BST">
          <reporter-output>
            <line>
              <![CDATA[Enter username standard_user to username field [[ChromeDriver: chrome on WINDOWS (760573b676e8173ff2e32f245ae7198f)] -> xpath: //input[@id='user-name']]]]>
            </line>
            <line>
              <![CDATA[Enter password secret_sauce to password field [[ChromeDriver: chrome on WINDOWS (760573b676e8173ff2e32f245ae7198f)] -> xpath: //input[@id='password']]]]>
            </line>
            <line>
              <![CDATA[Clicking on Login Button [[ChromeDriver: chrome on WINDOWS (760573b676e8173ff2e32f245ae7198f)] -> xpath: //input[@id='login-button']]]]>
            </line>
            <line>
              <![CDATA[Count Total no of products]]>
            </line>
          </reporter-output>
        </test-method> <!-- verifyThatSixProductsAreDisplayedOnPage -->
        <test-method status="PASS" signature="tearDown()[pri:0, instance:com.saucedemo.testsuite.LoginPageTest@52f759d7]" name="tearDown" is-config="true" duration-ms="787" started-at="2023-05-07T12:29:59 BST" finished-at="2023-05-07T12:29:59 BST">
          <reporter-output>
          </reporter-output>
        </test-method> <!-- tearDown -->
      </class> <!-- com.saucedemo.testsuite.LoginPageTest -->
    </test> <!-- Login test -->
  </suite> <!-- regression suite -->
</testng-results>
